Dec 11 03:10:47.065 INFO: manager: 1.2.1
Dec 11 03:10:47.065 INFO: manager: Copyright (C) 2003-2017
Dec 11 03:10:47.065 INFO: manager:   Noriaki Ando
Dec 11 03:10:47.065 INFO: manager:   Intelligent Systems Research Institute, AIST
Dec 11 03:10:47.065 INFO: manager: Manager starting.
Dec 11 03:10:47.065 INFO: manager: Starting local logging.
Dec 11 03:10:47.071 WARNING: NamingOnCorba: No endpoint for the CORBA naming service (localhost) was found.
Dec 11 03:10:47.071 INFO: NamingManager: NameServer connection succeeded: corba/localhost
Dec 11 03:10:47.072 INFO: ManagerServant: Named manager reference (INS) was successfully created.
Dec 11 03:10:47.072 WARNING: ManagerServant: Master manager not found
Dec 11 03:10:47.073 INFO: LocalServiceAdmin: All the local services are enabled.
Dec 11 03:10:47.073 INFO: ec_base: setRate(1000000.000000) done
Dec 11 03:10:47.073 INFO: ec_base: setRate(1000.000000) done
Dec 11 03:10:47.073 INFO: OdomConsoleOut0: 1 execution context was created.
Dec 11 03:10:47.073 INFO: OdomConsoleOut0: Initial active configuration set is default-set.
Dec 11 03:10:57.082 INFO: ManagerServant: Master manager not found
Dec 11 03:11:02.146 WARNING: SdoServiceAdmin: No available SDO service in the factory: 
Dec 11 03:11:07.096 INFO: ManagerServant: Master manager not found
Dec 11 03:11:17.111 INFO: ManagerServant: Master manager not found
Dec 11 03:11:27.126 INFO: ManagerServant: Master manager not found
Dec 11 03:11:37.141 INFO: ManagerServant: Master manager not found
Dec 11 03:11:40.002 WARNING: ec_worker: ExecutionContext is already stopped.
Dec 11 03:11:40.002 ERROR: ec_base: Invoking on_shutdown() for each RTC failed.
