Dec 11 03:09:24.830 INFO: manager: 1.2.1
Dec 11 03:09:24.830 INFO: manager: Copyright (C) 2003-2017
Dec 11 03:09:24.830 INFO: manager:   Noriaki Ando
Dec 11 03:09:24.830 INFO: manager:   Intelligent Systems Research Institute, AIST
Dec 11 03:09:24.830 INFO: manager: Manager starting.
Dec 11 03:09:24.830 INFO: manager: Starting local logging.
Dec 11 03:09:24.836 WARNING: NamingOnCorba: No endpoint for the CORBA naming service (localhost) was found.
Dec 11 03:09:24.836 INFO: NamingManager: NameServer connection succeeded: corba/localhost
Dec 11 03:09:24.837 INFO: ManagerServant: Named manager reference (INS) was successfully created.
Dec 11 03:09:24.837 WARNING: ManagerServant: Master manager not found
Dec 11 03:09:24.837 INFO: LocalServiceAdmin: All the local services are enabled.
Dec 11 03:09:24.838 INFO: ec_base: setRate(1000000.000000) done
Dec 11 03:09:24.838 INFO: ec_base: setRate(1000.000000) done
Dec 11 03:09:24.839 INFO: OdomConsoleOut0: 1 execution context was created.
Dec 11 03:09:24.839 INFO: OdomConsoleOut0: Initial active configuration set is default-set.
Dec 11 03:09:30.303 WARNING: SdoServiceAdmin: No available SDO service in the factory: 
Dec 11 03:09:34.844 INFO: ManagerServant: Master manager not found
Dec 11 03:09:44.859 INFO: ManagerServant: Master manager not found
Dec 11 03:09:54.874 INFO: ManagerServant: Master manager not found
Dec 11 03:10:04.891 INFO: ManagerServant: Master manager not found
Dec 11 03:10:08.862 WARNING: ec_worker: ExecutionContext is already stopped.
Dec 11 03:10:08.862 ERROR: ec_base: Invoking on_shutdown() for each RTC failed.
